--------------------------------------------------
Commit and pushed the export to remote repository.
Export started at 2026-07-17 09:55:43
Output target is (poc-demo1 / main) /BRIMCM_APIs_Collection
--------------------------------------------------
[Configuration/BRIMCM_APIs_Collection/Aggregation Profile] - Exporting BRIMCM_APIs_Collection.AGG_AutoDailer
[Configuration/BRIMCM_APIs_Collection/Aggregation Profile] - Exporting BRIMCM_APIs_Collection.PRF_AGG_AUTOPAY_WRITEOFF
[Configuration/BRIMCM_APIs_Collection/Aggregation Profile] - Exporting BRIMCM_APIs_Collection.PRF_AGG_Collection_PromiseToPay
--------------------------------------------------
[Configuration/BRIMCM_APIs_Collection/APL Code] - Exporting BRIMCM_APIs_Collection.APL_Collection_Deposit
[Configuration/BRIMCM_APIs_Collection/APL Code] - Exporting BRIMCM_APIs_Collection.APL_Collection_Dunning
[Configuration/BRIMCM_APIs_Collection/APL Code] - Exporting BRIMCM_APIs_Collection.APL_Collection_Misc
[Configuration/BRIMCM_APIs_Collection/APL Code] - Exporting BRIMCM_APIs_Collection.APL_Collection_PromiseToPay
[Configuration/BRIMCM_APIs_Collection/APL Code] - Exporting BRIMCM_APIs_Collection.APL_Collection_WriteOff
--------------------------------------------------
[Configuration/BRIMCM_APIs_Collection/Event Notification] - Exporting BRIMCM_APIs_Collection.PRF_NOTIFY_RESET
--------------------------------------------------
[Configuration/BRIMCM_APIs_Collection/Open API Profile] - Exporting BRIMCM_APIs_Collection.PRF_API_Collection_WriteOff
[Configuration/BRIMCM_APIs_Collection/Open API Profile] - Exporting BRIMCM_APIs_Collection.PRF_CMAPIs
[Configuration/BRIMCM_APIs_Collection/Open API Profile] - Exporting BRIMCM_APIs_Collection.PRF_Collection_Correspondence
[Configuration/BRIMCM_APIs_Collection/Open API Profile] - Exporting BRIMCM_APIs_Collection.PRF_OPENAPI_AgingBucket
[Configuration/BRIMCM_APIs_Collection/Open API Profile] - Exporting BRIMCM_APIs_Collection.PRF_OPENAPI_API_Collection_PromiseToPay
[Configuration/BRIMCM_APIs_Collection/Open API Profile] - Exporting BRIMCM_APIs_Collection.PRF_OPENAPI_AutoDailer
[Configuration/BRIMCM_APIs_Collection/Open API Profile] - Exporting BRIMCM_APIs_Collection.PRF_OPENAPI_Collection_Deposit
[Configuration/BRIMCM_APIs_Collection/Open API Profile] - Exporting BRIMCM_APIs_Collection.PRF_OPENAPI_Collection_Dunning
[Configuration/BRIMCM_APIs_Collection/Open API Profile] - Exporting BRIMCM_APIs_Collection.PRF_OpenAPI_Collection_Misc
[Configuration/BRIMCM_APIs_Collection/Open API Profile] - Exporting BRIMCM_APIs_Collection.PRF_OPENAPI_Collection_Strategy
[Configuration/BRIMCM_APIs_Collection/Open API Profile] - Exporting BRIMCM_APIs_Collection.PRF_OPENAPI_Correspondence
--------------------------------------------------
[Configuration/BRIMCM_APIs_Collection/SAP RFC Profile] - Exporting BRIMCM_APIs_Collection.RFC_LUMN
[Configuration/BRIMCM_APIs_Collection/SAP RFC Profile] - Exporting BRIMCM_APIs_Collection.RFC_SAP_BRIM_WORKITEM
--------------------------------------------------
[Configuration/BRIMCM_APIs_Collection/Ultra Format] - Exporting BRIMCM_APIs_Collection.ULF_API_Collection_Misc
[Configuration/BRIMCM_APIs_Collection/Ultra Format] - Exporting BRIMCM_APIs_Collection.ULF_BRIMCM_SESSION_ULTRA
[Configuration/BRIMCM_APIs_Collection/Ultra Format] - Exporting BRIMCM_APIs_Collection.ULF_BRIMCM_ULTRA
[Configuration/BRIMCM_APIs_Collection/Ultra Format] - Exporting BRIMCM_APIs_Collection.ULF_Collection_PromiseToPay
[Configuration/BRIMCM_APIs_Collection/Ultra Format] - Exporting BRIMCM_APIs_Collection.ULF_INTERNAL
--------------------------------------------------
[Configuration/BRIMCM_APIs_Collection/Workflow] - Exporting BRIMCM_APIs_Collection.WFL_API_Collection_Aging
[Configuration/BRIMCM_APIs_Collection/Workflow] - Exporting BRIMCM_APIs_Collection.WFL_API_Collection_Correspondence
[Configuration/BRIMCM_APIs_Collection/Workflow] - Exporting BRIMCM_APIs_Collection.WFL_API_Collection_Deposit
[Configuration/BRIMCM_APIs_Collection/Workflow] - Exporting BRIMCM_APIs_Collection.WFL_API_Collection_Dunning
[Configuration/BRIMCM_APIs_Collection/Workflow] - Exporting BRIMCM_APIs_Collection.WFL_API_Collection_Misc
[Configuration/BRIMCM_APIs_Collection/Workflow] - Exporting BRIMCM_APIs_Collection.WFL_API_Collection_PromiseToPay
[Configuration/BRIMCM_APIs_Collection/Workflow] - Exporting BRIMCM_APIs_Collection.WFL_API_Collection_Strategy
[Configuration/BRIMCM_APIs_Collection/Workflow] - Exporting BRIMCM_APIs_Collection.WFL_API_Collection_WriteOff
[Configuration/BRIMCM_APIs_Collection/Workflow] - Exporting BRIMCM_APIs_Collection.WFL_TAX_EMAIL
--------------------------------------------------
[Configuration/BRIMCM_APIs_Collection/Workflow Group] - Exporting BRIMCM_APIs_Collection.WFG_Collection_APIs1
[Configuration/BRIMCM_APIs_Collection/Workflow Group] - Exporting BRIMCM_APIs_Collection.WFG_Collection_APIs2
[Configuration/BRIMCM_APIs_Collection/Workflow Group] - Exporting BRIMCM_APIs_Collection.WFG_Collection_APIs3
[Configuration/BRIMCM_APIs_Collection/Workflow Group] - Exporting BRIMCM_APIs_Collection.WFG_TAX_EMAIL
--------------------------------------------------
Export finished at 2026-07-17 09:55:45
